2025-12-25 23:16:35,089 - INFO - Casino Userbot started
2025-12-25 23:19:23,101 - INFO - Casino Userbot started
2025-12-25 23:20:12,334 - INFO - Casino Userbot started
2025-12-25 23:20:16,271 - INFO - Start creating a new auth key on DC2
2025-12-25 23:20:16,272 - INFO - Connecting...
2025-12-25 23:20:26,278 - WARNING - Unable to connect due to network issues: Connection timed out
2025-12-25 23:20:27,325 - INFO - Connecting...
2025-12-25 23:20:37,327 - WARNING - Unable to connect due to network issues: Connection timed out
2025-12-25 23:20:38,340 - INFO - Connecting...
2025-12-25 23:20:48,341 - WARNING - Unable to connect due to network issues: Connection timed out
2025-12-25 23:20:49,356 - WARNING - Connection failed! Trying again...
2025-12-25 23:20:49,374 - INFO - Retrying due to ConnectionError: 
2025-12-25 23:20:50,387 - INFO - Disconnected
2025-12-25 23:20:50,387 - INFO - Start creating a new auth key on DC2
2025-12-25 23:20:50,387 - INFO - Connecting...
2025-12-25 23:21:00,389 - WARNING - Unable to connect due to network issues: Connection timed out
2025-12-25 23:21:01,404 - INFO - Connecting...
2025-12-25 23:21:11,419 - WARNING - Unable to connect due to network issues: Connection timed out
2025-12-25 23:21:12,430 - INFO - Connecting...
2025-12-25 23:21:22,432 - WARNING - Unable to connect due to network issues: Connection timed out
2025-12-25 23:21:23,446 - WARNING - Connection failed! Trying again...
2025-12-25 23:21:23,446 - INFO - Retrying due to ConnectionError: 
2025-12-25 23:21:24,449 - INFO - Disconnected
2025-12-25 23:21:24,449 - INFO - Start creating a new auth key on DC2
2025-12-25 23:21:24,449 - INFO - Connecting...
2025-12-25 23:21:34,450 - WARNING - Unable to connect due to network issues: Connection timed out
2025-12-25 23:21:35,465 - INFO - Connecting...
2025-12-25 23:21:45,480 - WARNING - Unable to connect due to network issues: Connection timed out
2025-12-25 23:21:46,481 - INFO - Connecting...
2025-12-25 23:21:56,482 - WARNING - Unable to connect due to network issues: Connection timed out
2025-12-25 23:21:57,496 - WARNING - Connection failed! Trying again...
2025-12-25 23:21:57,496 - INFO - Retrying due to ConnectionError: 
2025-12-25 23:21:58,499 - INFO - Disconnected
2025-12-25 23:21:58,500 - INFO - Start creating a new auth key on DC2
2025-12-25 23:21:58,500 - INFO - Connecting...
2025-12-25 23:22:08,505 - WARNING - Unable to connect due to network issues: Connection timed out
2025-12-25 23:22:09,505 - INFO - Connecting...
2025-12-25 23:22:19,521 - WARNING - Unable to connect due to network issues: Connection timed out
2025-12-25 23:22:20,523 - INFO - Connecting...
2025-12-25 23:22:30,530 - WARNING - Unable to connect due to network issues: Connection timed out
2025-12-25 23:22:31,531 - WARNING - Connection failed! Trying again...
2025-12-25 23:22:31,531 - INFO - Retrying due to ConnectionError: 
2025-12-25 23:22:32,544 - INFO - Disconnected
2025-12-25 23:22:32,544 - INFO - Start creating a new auth key on DC2
2025-12-25 23:22:32,544 - INFO - Connecting...
2025-12-25 23:22:42,546 - WARNING - Unable to connect due to network issues: Connection timed out
2025-12-25 23:22:43,561 - INFO - Connecting...
2025-12-25 23:22:53,573 - WARNING - Unable to connect due to network issues: Connection timed out
2025-12-25 23:22:54,576 - INFO - Connecting...
2025-12-25 23:23:04,591 - WARNING - Unable to connect due to network issues: Connection timed out
2025-12-25 23:23:05,606 - WARNING - Connection failed! Trying again...
2025-12-25 23:23:05,606 - INFO - Retrying due to ConnectionError: 
2025-12-25 23:23:06,620 - INFO - Disconnected
2025-12-25 23:23:06,620 - INFO - Start creating a new auth key on DC2
2025-12-25 23:23:06,620 - INFO - Connecting...
2025-12-25 23:23:16,623 - WARNING - Unable to connect due to network issues: Connection timed out
2025-12-25 23:23:17,632 - INFO - Connecting...
2025-12-25 23:23:27,641 - WARNING - Unable to connect due to network issues: Connection timed out
2025-12-25 23:23:28,643 - INFO - Connecting...
2025-12-25 23:23:38,656 - WARNING - Unable to connect due to network issues: Connection timed out
2025-12-25 23:23:39,670 - WARNING - Connection failed! Trying again...
2025-12-25 23:23:39,670 - INFO - Retrying due to ConnectionError: 
2025-12-25 23:23:39,670 - INFO - Disconnected
2025-12-25 23:23:51,936 - INFO - Casino Userbot started
2025-12-25 23:23:53,821 - INFO - Start creating a new auth key on DC2
2025-12-25 23:23:53,821 - INFO - Connecting...
2025-12-25 23:24:03,826 - WARNING - Unable to connect due to network issues: Connection timed out
2025-12-25 23:24:04,841 - INFO - Connecting...
2025-12-25 23:24:14,855 - WARNING - Unable to connect due to network issues: Connection timed out
2025-12-25 23:24:15,866 - INFO - Connecting...
2025-12-25 23:24:25,879 - WARNING - Unable to connect due to network issues: Connection timed out
2025-12-25 23:24:26,894 - WARNING - Connection failed! Trying again...
2025-12-25 23:24:26,894 - INFO - Retrying due to ConnectionError: 
2025-12-25 23:24:27,906 - INFO - Disconnected
2025-12-25 23:24:27,906 - INFO - Start creating a new auth key on DC2
2025-12-25 23:24:27,906 - INFO - Connecting...
2025-12-25 23:24:37,910 - WARNING - Unable to connect due to network issues: Connection timed out
2025-12-25 23:24:38,924 - INFO - Connecting...
2025-12-25 23:24:48,933 - WARNING - Unable to connect due to network issues: Connection timed out
2025-12-25 23:24:49,944 - INFO - Connecting...
2025-12-25 23:24:59,949 - WARNING - Unable to connect due to network issues: Connection timed out
2025-12-25 23:25:00,951 - WARNING - Connection failed! Trying again...
2025-12-25 23:25:00,951 - INFO - Retrying due to ConnectionError: 
2025-12-25 23:25:01,966 - INFO - Disconnected
2025-12-25 23:25:01,966 - INFO - Start creating a new auth key on DC2
2025-12-25 23:25:01,967 - INFO - Connecting...
2025-12-25 23:25:11,981 - WARNING - Unable to connect due to network issues: Connection timed out
2025-12-25 23:25:12,986 - INFO - Connecting...
2025-12-25 23:25:22,999 - WARNING - Unable to connect due to network issues: Connection timed out
2025-12-25 23:25:24,013 - INFO - Connecting...
2025-12-25 23:25:34,027 - WARNING - Unable to connect due to network issues: Connection timed out
2025-12-25 23:25:35,041 - WARNING - Connection failed! Trying again...
2025-12-25 23:25:35,041 - INFO - Retrying due to ConnectionError: 
2025-12-25 23:25:36,054 - INFO - Disconnected
2025-12-25 23:25:36,054 - INFO - Start creating a new auth key on DC2
2025-12-25 23:25:36,054 - INFO - Connecting...
2025-12-25 23:25:46,064 - WARNING - Unable to connect due to network issues: Connection timed out
2025-12-25 23:25:47,075 - INFO - Connecting...
2025-12-25 23:25:57,087 - WARNING - Unable to connect due to network issues: Connection timed out
2025-12-25 23:25:58,098 - INFO - Connecting...
2025-12-25 23:26:08,102 - WARNING - Unable to connect due to network issues: Connection timed out
2025-12-25 23:26:09,113 - WARNING - Connection failed! Trying again...
2025-12-25 23:26:09,113 - INFO - Retrying due to ConnectionError: 
2025-12-25 23:26:10,115 - INFO - Disconnected
2025-12-25 23:26:10,115 - INFO - Start creating a new auth key on DC2
2025-12-25 23:26:10,115 - INFO - Connecting...
2025-12-25 23:26:20,126 - WARNING - Unable to connect due to network issues: Connection timed out
2025-12-25 23:26:21,139 - INFO - Connecting...
2025-12-25 23:26:31,152 - WARNING - Unable to connect due to network issues: Connection timed out
2025-12-25 23:26:32,166 - INFO - Connecting...
2025-12-25 23:26:42,169 - WARNING - Unable to connect due to network issues: Connection timed out
2025-12-25 23:26:43,183 - WARNING - Connection failed! Trying again...
2025-12-25 23:26:43,183 - INFO - Retrying due to ConnectionError: 
2025-12-25 23:26:44,198 - INFO - Disconnected
2025-12-25 23:26:44,198 - INFO - Start creating a new auth key on DC2
2025-12-25 23:26:44,198 - INFO - Connecting...
2025-12-25 23:26:54,209 - WARNING - Unable to connect due to network issues: Connection timed out
2025-12-25 23:26:55,220 - INFO - Connecting...
2025-12-25 23:27:05,228 - WARNING - Unable to connect due to network issues: Connection timed out
2025-12-25 23:27:06,229 - INFO - Connecting...
2025-12-25 23:27:16,231 - WARNING - Unable to connect due to network issues: Connection timed out
2025-12-25 23:27:17,235 - WARNING - Connection failed! Trying again...
2025-12-25 23:27:17,235 - INFO - Retrying due to ConnectionError: 
2025-12-25 23:27:17,235 - INFO - Disconnected
2025-12-25 23:30:53,699 - INFO - Casino Userbot started
2025-12-25 23:30:59,124 - INFO - Start creating a new auth key on DC2
2025-12-25 23:30:59,125 - INFO - Connecting...
2025-12-25 23:31:09,129 - WARNING - Unable to connect due to network issues: Connection timed out
2025-12-25 23:31:10,173 - INFO - Connecting...
2025-12-25 23:31:20,183 - WARNING - Unable to connect due to network issues: Connection timed out
2025-12-25 23:31:21,198 - INFO - Connecting...
2025-12-25 23:31:31,199 - WARNING - Unable to connect due to network issues: Connection timed out
2025-12-25 23:31:32,202 - WARNING - Connection failed! Trying again...
2025-12-25 23:31:32,202 - INFO - Retrying due to ConnectionError: 
2025-12-25 23:31:33,216 - INFO - Disconnected
2025-12-25 23:31:33,216 - INFO - Start creating a new auth key on DC2
2025-12-25 23:31:33,216 - INFO - Connecting...
2025-12-25 23:31:43,224 - WARNING - Unable to connect due to network issues: Connection timed out
2025-12-25 23:31:44,233 - INFO - Connecting...
2025-12-25 23:31:54,233 - WARNING - Unable to connect due to network issues: Connection timed out
2025-12-25 23:31:55,234 - INFO - Connecting...
2025-12-25 23:32:05,249 - WARNING - Unable to connect due to network issues: Connection timed out
2025-12-25 23:32:06,263 - WARNING - Connection failed! Trying again...
2025-12-25 23:32:06,263 - INFO - Retrying due to ConnectionError: 
2025-12-25 23:32:07,264 - INFO - Disconnected
2025-12-25 23:32:07,264 - INFO - Start creating a new auth key on DC2
2025-12-25 23:32:07,264 - INFO - Connecting...
2025-12-25 23:32:17,277 - WARNING - Unable to connect due to network issues: Connection timed out
2025-12-25 23:32:18,289 - INFO - Connecting...
2025-12-25 23:32:28,291 - WARNING - Unable to connect due to network issues: Connection timed out
2025-12-25 23:32:29,295 - INFO - Connecting...
2025-12-25 23:32:39,308 - WARNING - Unable to connect due to network issues: Connection timed out
2025-12-25 23:32:40,308 - WARNING - Connection failed! Trying again...
2025-12-25 23:32:40,308 - INFO - Retrying due to ConnectionError: 
2025-12-25 23:32:41,320 - INFO - Disconnected
2025-12-25 23:32:41,320 - INFO - Start creating a new auth key on DC2
2025-12-25 23:32:41,320 - INFO - Connecting...
2025-12-25 23:32:51,326 - WARNING - Unable to connect due to network issues: Connection timed out
2025-12-25 23:32:52,338 - INFO - Connecting...
2025-12-25 23:33:02,349 - WARNING - Unable to connect due to network issues: Connection timed out
2025-12-25 23:33:03,365 - INFO - Connecting...
2025-12-25 23:33:13,373 - WARNING - Unable to connect due to network issues: Connection timed out
2025-12-25 23:33:14,385 - WARNING - Connection failed! Trying again...
2025-12-25 23:33:14,385 - INFO - Retrying due to ConnectionError: 
2025-12-25 23:33:15,385 - INFO - Disconnected
2025-12-25 23:33:15,385 - INFO - Start creating a new auth key on DC2
2025-12-25 23:33:15,385 - INFO - Connecting...
2025-12-25 23:33:25,396 - WARNING - Unable to connect due to network issues: Connection timed out
2025-12-25 23:33:26,410 - INFO - Connecting...
2025-12-25 23:33:36,421 - WARNING - Unable to connect due to network issues: Connection timed out
2025-12-25 23:33:37,432 - INFO - Connecting...
2025-12-25 23:33:47,437 - WARNING - Unable to connect due to network issues: Connection timed out
2025-12-25 23:33:48,452 - WARNING - Connection failed! Trying again...
2025-12-25 23:33:48,452 - INFO - Retrying due to ConnectionError: 
2025-12-25 23:33:49,465 - INFO - Disconnected
2025-12-25 23:33:49,465 - INFO - Start creating a new auth key on DC2
2025-12-25 23:33:49,465 - INFO - Connecting...
2025-12-25 23:33:59,467 - WARNING - Unable to connect due to network issues: Connection timed out
2025-12-25 23:34:00,481 - INFO - Connecting...
2025-12-25 23:34:10,483 - WARNING - Unable to connect due to network issues: Connection timed out
2025-12-25 23:34:11,497 - INFO - Connecting...
2025-12-25 23:34:21,514 - WARNING - Unable to connect due to network issues: Connection timed out
2025-12-25 23:34:22,524 - WARNING - Connection failed! Trying again...
2025-12-25 23:34:22,524 - INFO - Retrying due to ConnectionError: 
2025-12-25 23:34:22,524 - INFO - Disconnected
2025-12-25 23:49:05,499 - INFO - Casino Userbot started
2025-12-25 23:49:07,508 - INFO - Start creating a new auth key on DC2
2025-12-25 23:49:07,509 - INFO - Connecting...
2025-12-25 23:49:17,520 - WARNING - Unable to connect due to network issues: Connection timed out
2025-12-25 23:49:18,528 - INFO - Connecting...
2025-12-25 23:49:28,541 - WARNING - Unable to connect due to network issues: Connection timed out
2025-12-25 23:49:29,545 - INFO - Connecting...
2025-12-25 23:49:39,557 - WARNING - Unable to connect due to network issues: Connection timed out
2025-12-25 23:49:40,570 - WARNING - Connection failed! Trying again...
2025-12-25 23:49:40,570 - INFO - Retrying due to ConnectionError: 
2025-12-25 23:49:41,572 - INFO - Disconnected
2025-12-25 23:49:41,572 - INFO - Start creating a new auth key on DC2
2025-12-25 23:49:41,573 - INFO - Connecting...
2025-12-25 23:49:51,575 - WARNING - Unable to connect due to network issues: Connection timed out
2025-12-25 23:49:52,587 - INFO - Connecting...
2025-12-25 23:50:02,591 - WARNING - Unable to connect due to network issues: Connection timed out
2025-12-25 23:50:03,604 - INFO - Connecting...
2025-12-25 23:50:13,606 - WARNING - Unable to connect due to network issues: Connection timed out
2025-12-25 23:50:14,621 - WARNING - Connection failed! Trying again...
2025-12-25 23:50:14,621 - INFO - Retrying due to ConnectionError: 
2025-12-25 23:50:15,633 - INFO - Disconnected
2025-12-25 23:50:15,633 - INFO - Start creating a new auth key on DC2
2025-12-25 23:50:15,633 - INFO - Connecting...
2025-12-25 23:50:25,637 - WARNING - Unable to connect due to network issues: Connection timed out
2025-12-25 23:50:26,640 - INFO - Connecting...
2025-12-25 23:50:36,656 - WARNING - Unable to connect due to network issues: Connection timed out
2025-12-25 23:50:37,670 - INFO - Connecting...
2025-12-25 23:50:47,677 - WARNING - Unable to connect due to network issues: Connection timed out
2025-12-25 23:50:48,687 - WARNING - Connection failed! Trying again...
2025-12-25 23:50:48,687 - INFO - Retrying due to ConnectionError: 
2025-12-25 23:50:49,701 - INFO - Disconnected
2025-12-25 23:50:49,701 - INFO - Start creating a new auth key on DC2
2025-12-25 23:50:49,701 - INFO - Connecting...
2025-12-25 23:50:59,704 - WARNING - Unable to connect due to network issues: Connection timed out
2025-12-25 23:51:00,705 - INFO - Connecting...
2025-12-25 23:51:10,713 - WARNING - Unable to connect due to network issues: Connection timed out
2025-12-25 23:51:11,715 - INFO - Connecting...
2025-12-25 23:51:21,717 - WARNING - Unable to connect due to network issues: Connection timed out
2025-12-25 23:51:22,731 - WARNING - Connection failed! Trying again...
2025-12-25 23:51:22,731 - INFO - Retrying due to ConnectionError: 
2025-12-25 23:51:23,743 - INFO - Disconnected
2025-12-25 23:51:23,743 - INFO - Start creating a new auth key on DC2
2025-12-25 23:51:23,743 - INFO - Connecting...
2025-12-25 23:51:33,753 - WARNING - Unable to connect due to network issues: Connection timed out
2025-12-25 23:51:34,760 - INFO - Connecting...
2025-12-25 23:51:44,764 - WARNING - Unable to connect due to network issues: Connection timed out
2025-12-25 23:51:45,778 - INFO - Connecting...
2025-12-25 23:51:55,783 - WARNING - Unable to connect due to network issues: Connection timed out
2025-12-25 23:51:56,786 - WARNING - Connection failed! Trying again...
2025-12-25 23:51:56,786 - INFO - Retrying due to ConnectionError: 
2025-12-25 23:51:57,800 - INFO - Disconnected
2025-12-25 23:51:57,800 - INFO - Start creating a new auth key on DC2
2025-12-25 23:51:57,800 - INFO - Connecting...
2025-12-25 23:52:07,811 - WARNING - Unable to connect due to network issues: Connection timed out
2025-12-25 23:52:08,812 - INFO - Connecting...
2025-12-25 23:52:18,820 - WARNING - Unable to connect due to network issues: Connection timed out
2025-12-25 23:52:19,820 - INFO - Connecting...
2025-12-25 23:52:29,824 - WARNING - Unable to connect due to network issues: Connection timed out
2025-12-25 23:52:30,827 - WARNING - Connection failed! Trying again...
2025-12-25 23:52:30,827 - INFO - Retrying due to ConnectionError: 
2025-12-25 23:52:30,827 - INFO - Disconnected
2025-12-26 10:51:58,342 - INFO - Casino Userbot started
2025-12-26 10:52:02,089 - INFO - Start creating a new auth key on DC2
2025-12-26 10:52:02,089 - INFO - Connecting...
2025-12-26 10:52:12,115 - WARNING - Unable to connect due to network issues: Connection timed out
2025-12-26 10:52:13,163 - INFO - Connecting...
2025-12-26 10:52:23,169 - WARNING - Unable to connect due to network issues: Connection timed out
2025-12-26 10:52:24,170 - INFO - Connecting...
2025-12-26 10:52:34,183 - WARNING - Unable to connect due to network issues: Connection timed out
2025-12-26 10:52:35,185 - WARNING - Connection failed! Trying again...
2025-12-26 10:52:35,185 - INFO - Retrying due to ConnectionError: 
2025-12-26 10:52:36,198 - INFO - Disconnected
2025-12-26 10:52:36,198 - INFO - Start creating a new auth key on DC2
2025-12-26 10:52:36,198 - INFO - Connecting...
2025-12-26 10:52:46,202 - WARNING - Unable to connect due to network issues: Connection timed out
2025-12-26 10:52:47,215 - INFO - Connecting...
2025-12-26 10:52:57,219 - WARNING - Unable to connect due to network issues: Connection timed out
2025-12-26 10:52:58,234 - INFO - Connecting...
2025-12-26 10:53:08,247 - WARNING - Unable to connect due to network issues: Connection timed out
2025-12-26 10:53:09,250 - WARNING - Connection failed! Trying again...
2025-12-26 10:53:09,250 - INFO - Retrying due to ConnectionError: 
2025-12-26 10:53:10,263 - INFO - Disconnected
2025-12-26 10:53:10,263 - INFO - Start creating a new auth key on DC2
2025-12-26 10:53:10,263 - INFO - Connecting...
2025-12-26 10:53:20,272 - WARNING - Unable to connect due to network issues: Connection timed out
2025-12-26 10:53:21,279 - INFO - Connecting...
2025-12-26 10:53:31,279 - WARNING - Unable to connect due to network issues: Connection timed out
2025-12-26 10:53:32,294 - INFO - Connecting...
2025-12-26 10:53:42,295 - WARNING - Unable to connect due to network issues: Connection timed out
2025-12-26 10:53:43,298 - WARNING - Connection failed! Trying again...
2025-12-26 10:53:43,298 - INFO - Retrying due to ConnectionError: 
2025-12-26 10:53:44,310 - INFO - Disconnected
2025-12-26 10:53:44,310 - INFO - Start creating a new auth key on DC2
2025-12-26 10:53:44,310 - INFO - Connecting...
2025-12-26 10:53:54,325 - WARNING - Unable to connect due to network issues: Connection timed out
2025-12-26 10:53:55,339 - INFO - Connecting...
2025-12-26 10:54:05,341 - WARNING - Unable to connect due to network issues: Connection timed out
2025-12-26 10:54:06,356 - INFO - Connecting...
2025-12-26 10:54:16,358 - WARNING - Unable to connect due to network issues: Connection timed out
2025-12-26 10:54:17,373 - WARNING - Connection failed! Trying again...
2025-12-26 10:54:17,373 - INFO - Retrying due to ConnectionError: 
2025-12-26 10:54:18,388 - INFO - Disconnected
2025-12-26 10:54:18,388 - INFO - Start creating a new auth key on DC2
2025-12-26 10:54:18,388 - INFO - Connecting...
2025-12-26 10:54:28,403 - WARNING - Unable to connect due to network issues: Connection timed out
2025-12-26 10:54:29,415 - INFO - Connecting...
2025-12-26 10:54:39,429 - WARNING - Unable to connect due to network issues: Connection timed out
2025-12-26 10:54:40,443 - INFO - Connecting...
2025-12-26 10:54:50,447 - WARNING - Unable to connect due to network issues: Connection timed out
2025-12-26 10:54:51,453 - WARNING - Connection failed! Trying again...
2025-12-26 10:54:51,453 - INFO - Retrying due to ConnectionError: 
2025-12-26 10:54:52,468 - INFO - Disconnected
2025-12-26 10:54:52,468 - INFO - Start creating a new auth key on DC2
2025-12-26 10:54:52,468 - INFO - Connecting...
2025-12-26 10:55:02,484 - WARNING - Unable to connect due to network issues: Connection timed out
2025-12-26 10:55:03,495 - INFO - Connecting...
2025-12-26 10:55:13,497 - WARNING - Unable to connect due to network issues: Connection timed out
2025-12-26 10:55:14,499 - INFO - Connecting...
2025-12-26 10:55:24,513 - WARNING - Unable to connect due to network issues: Connection timed out
2025-12-26 10:55:25,514 - WARNING - Connection failed! Trying again...
2025-12-26 10:55:25,514 - INFO - Retrying due to ConnectionError: 
2025-12-26 10:55:25,514 - INFO - Disconnected
2025-12-26 14:22:46,560 - INFO - Casino Userbot started
2025-12-26 14:22:51,393 - INFO - Start creating a new auth key on DC2
2025-12-26 14:22:51,418 - INFO - Retrying due to AttributeError: module 'socks' has no attribute 'MTPROTO'
2025-12-26 14:29:03,090 - INFO - Casino Userbot started
2025-12-26 14:29:05,516 - INFO - Start creating a new auth key on DC2
2025-12-26 14:29:05,517 - INFO - Retrying due to AttributeError: module 'socks' has no attribute 'MTPROTO'
2025-12-26 14:29:19,388 - INFO - Casino Userbot started
2025-12-26 14:29:21,273 - INFO - Start creating a new auth key on DC2
2025-12-26 14:29:21,273 - INFO - Retrying due to AttributeError: module 'socks' has no attribute 'MTPROTO'
2025-12-26 14:57:51,785 - INFO - Casino Userbot started
2025-12-26 14:57:54,244 - INFO - Start creating a new auth key on DC2
2025-12-26 14:57:54,244 - INFO - Retrying due to AttributeError: module 'socks' has no attribute 'MTPROTO'
2025-12-26 14:58:50,857 - INFO - Casino Userbot started
2025-12-26 14:58:52,971 - INFO - Start creating a new auth key on DC2
2025-12-26 14:58:52,972 - INFO - Retrying due to AttributeError: module 'socks' has no attribute 'MTPROTO'
2025-12-26 15:02:09,890 - INFO - Casino Userbot started
2025-12-26 15:02:15,660 - INFO - Start creating a new auth key on DC2
2025-12-26 15:02:15,660 - INFO - Retrying due to AttributeError: module 'socks' has no attribute 'MTPROTO'
2025-12-26 19:10:04,388 - INFO - Casino Userbot started
2025-12-26 19:10:09,222 - INFO - Start creating a new auth key on DC2
2025-12-26 19:10:09,223 - INFO - Retrying due to AttributeError: module 'socks' has no attribute 'MTPROTO'
2025-12-26 19:20:40,361 - INFO - Casino Userbot started
2025-12-26 19:20:43,609 - INFO - Start creating a new auth key on DC2
2025-12-26 19:20:43,609 - INFO - Connecting...
2025-12-26 19:20:53,625 - WARNING - Unable to connect due to network issues: Connection timed out
2025-12-26 19:20:54,701 - INFO - Connecting...
2025-12-26 19:21:04,704 - WARNING - Unable to connect due to network issues: Connection timed out
2025-12-26 19:21:05,705 - INFO - Connecting...
2025-12-26 19:21:15,718 - WARNING - Unable to connect due to network issues: Connection timed out
2025-12-26 19:21:16,719 - WARNING - Connection failed! Trying again...
2025-12-26 19:21:16,719 - INFO - Retrying due to ConnectionError: 
2025-12-26 19:21:17,720 - INFO - Disconnected
2025-12-26 19:21:17,720 - INFO - Start creating a new auth key on DC2
2025-12-26 19:21:17,720 - INFO - Connecting...
2025-12-26 19:21:27,737 - WARNING - Unable to connect due to network issues: Connection timed out
2025-12-26 19:21:28,737 - INFO - Connecting...
2025-12-26 19:21:38,752 - WARNING - Unable to connect due to network issues: Connection timed out
2025-12-26 19:21:39,766 - INFO - Connecting...
2025-12-26 19:21:49,770 - WARNING - Unable to connect due to network issues: Connection timed out
2025-12-26 19:21:50,771 - WARNING - Connection failed! Trying again...
2025-12-26 19:21:50,771 - INFO - Retrying due to ConnectionError: 
2025-12-26 19:21:51,784 - INFO - Disconnected
2025-12-26 19:21:51,784 - INFO - Start creating a new auth key on DC2
2025-12-26 19:21:51,784 - INFO - Connecting...
2025-12-26 19:22:01,795 - WARNING - Unable to connect due to network issues: Connection timed out
2025-12-26 19:22:02,810 - INFO - Connecting...
2025-12-26 19:22:12,821 - WARNING - Unable to connect due to network issues: Connection timed out
2025-12-26 19:22:13,821 - INFO - Connecting...
2025-12-26 19:22:23,827 - WARNING - Unable to connect due to network issues: Connection timed out
2025-12-26 19:22:24,828 - WARNING - Connection failed! Trying again...
2025-12-26 19:22:24,828 - INFO - Retrying due to ConnectionError: 
2025-12-26 19:22:25,840 - INFO - Disconnected
2025-12-26 19:22:25,840 - INFO - Start creating a new auth key on DC2
2025-12-26 19:22:25,840 - INFO - Connecting...
2025-12-26 19:22:35,853 - WARNING - Unable to connect due to network issues: Connection timed out
2025-12-26 19:22:36,859 - INFO - Connecting...
2025-12-26 19:22:46,863 - WARNING - Unable to connect due to network issues: Connection timed out
2025-12-26 19:22:47,872 - INFO - Connecting...
2025-12-26 19:22:57,885 - WARNING - Unable to connect due to network issues: Connection timed out
2025-12-26 19:22:58,897 - WARNING - Connection failed! Trying again...
2025-12-26 19:22:58,897 - INFO - Retrying due to ConnectionError: 
2025-12-26 19:22:59,911 - INFO - Disconnected
2025-12-26 19:22:59,911 - INFO - Start creating a new auth key on DC2
2025-12-26 19:22:59,911 - INFO - Connecting...
2025-12-26 19:23:09,923 - WARNING - Unable to connect due to network issues: Connection timed out
2025-12-26 19:23:10,936 - INFO - Connecting...
2025-12-26 19:23:20,940 - WARNING - Unable to connect due to network issues: Connection timed out
2025-12-26 19:23:21,942 - INFO - Connecting...
2025-12-26 19:23:31,951 - WARNING - Unable to connect due to network issues: Connection timed out
2025-12-26 19:23:32,953 - WARNING - Connection failed! Trying again...
2025-12-26 19:23:32,953 - INFO - Retrying due to ConnectionError: 
2025-12-26 19:23:33,967 - INFO - Disconnected
2025-12-26 19:23:33,967 - INFO - Start creating a new auth key on DC2
2025-12-26 19:23:33,967 - INFO - Connecting...
2025-12-26 19:23:43,973 - WARNING - Unable to connect due to network issues: Connection timed out
2025-12-26 19:23:44,974 - INFO - Connecting...
2025-12-26 19:23:54,986 - WARNING - Unable to connect due to network issues: Connection timed out
2025-12-26 19:23:55,987 - INFO - Connecting...
2025-12-26 19:24:05,988 - WARNING - Unable to connect due to network issues: Connection timed out
2025-12-26 19:24:06,989 - WARNING - Connection failed! Trying again...
2025-12-26 19:24:06,989 - INFO - Retrying due to ConnectionError: 
2025-12-26 19:24:06,989 - INFO - Disconnected
2025-12-26 19:24:26,506 - INFO - Casino Userbot started
2025-12-26 19:24:28,554 - INFO - Start creating a new auth key on DC2
2025-12-26 19:24:28,554 - INFO - Connecting...
2025-12-26 19:24:38,562 - WARNING - Unable to connect due to network issues: Connection timed out
2025-12-26 19:24:39,570 - INFO - Connecting...
2025-12-26 19:24:49,577 - WARNING - Unable to connect due to network issues: Connection timed out
2025-12-26 19:24:50,577 - INFO - Connecting...
2025-12-26 19:25:00,582 - WARNING - Unable to connect due to network issues: Connection timed out
2025-12-26 19:25:01,596 - WARNING - Connection failed! Trying again...
2025-12-26 19:25:01,596 - INFO - Retrying due to ConnectionError: 
2025-12-26 19:25:02,611 - INFO - Disconnected
2025-12-26 19:25:02,611 - INFO - Start creating a new auth key on DC2
2025-12-26 19:25:02,611 - INFO - Connecting...
2025-12-26 19:25:12,619 - WARNING - Unable to connect due to network issues: Connection timed out
2025-12-26 19:25:13,621 - INFO - Connecting...
2025-12-26 19:25:23,635 - WARNING - Unable to connect due to network issues: Connection timed out
2025-12-26 19:25:24,637 - INFO - Connecting...
2025-12-26 19:25:34,644 - WARNING - Unable to connect due to network issues: Connection timed out
2025-12-26 19:25:35,658 - WARNING - Connection failed! Trying again...
2025-12-26 19:25:35,658 - INFO - Retrying due to ConnectionError: 
2025-12-26 19:25:36,672 - INFO - Disconnected
2025-12-26 19:25:36,672 - INFO - Start creating a new auth key on DC2
2025-12-26 19:25:36,672 - INFO - Connecting...
2025-12-26 19:25:46,677 - WARNING - Unable to connect due to network issues: Connection timed out
2025-12-26 19:25:47,688 - INFO - Connecting...
2025-12-26 19:25:57,703 - WARNING - Unable to connect due to network issues: Connection timed out
2025-12-26 19:25:58,713 - INFO - Connecting...
2025-12-26 19:26:08,725 - WARNING - Unable to connect due to network issues: Connection timed out
2025-12-26 19:26:09,726 - WARNING - Connection failed! Trying again...
2025-12-26 19:26:09,726 - INFO - Retrying due to ConnectionError: 
2025-12-26 19:26:10,740 - INFO - Disconnected
2025-12-26 19:26:10,740 - INFO - Start creating a new auth key on DC2
2025-12-26 19:26:10,740 - INFO - Connecting...
2025-12-26 19:26:20,727 - WARNING - Unable to connect due to network issues: Connection timed out
2025-12-26 19:26:21,735 - INFO - Connecting...
2025-12-26 19:26:31,743 - WARNING - Unable to connect due to network issues: Connection timed out
2025-12-26 19:26:32,756 - INFO - Connecting...
2025-12-26 19:26:42,764 - WARNING - Unable to connect due to network issues: Connection timed out
2025-12-26 19:26:43,766 - WARNING - Connection failed! Trying again...
2025-12-26 19:26:43,766 - INFO - Retrying due to ConnectionError: 
2025-12-26 19:26:44,780 - INFO - Disconnected
2025-12-26 19:26:44,780 - INFO - Start creating a new auth key on DC2
2025-12-26 19:26:44,780 - INFO - Connecting...
2025-12-26 19:26:54,783 - WARNING - Unable to connect due to network issues: Connection timed out
2025-12-26 19:26:55,784 - INFO - Connecting...
2025-12-26 19:27:05,788 - WARNING - Unable to connect due to network issues: Connection timed out
2025-12-26 19:27:06,800 - INFO - Connecting...
2025-12-26 19:27:16,812 - WARNING - Unable to connect due to network issues: Connection timed out
2025-12-26 19:27:17,815 - WARNING - Connection failed! Trying again...
2025-12-26 19:27:17,815 - INFO - Retrying due to ConnectionError: 
2025-12-26 19:27:18,818 - INFO - Disconnected
2025-12-26 19:27:18,818 - INFO - Start creating a new auth key on DC2
2025-12-26 19:27:18,818 - INFO - Connecting...
2025-12-26 19:27:28,822 - WARNING - Unable to connect due to network issues: Connection timed out
2025-12-26 19:27:29,834 - INFO - Connecting...
2025-12-26 19:27:39,839 - WARNING - Unable to connect due to network issues: Connection timed out
2025-12-26 19:27:40,851 - INFO - Connecting...
2025-12-26 19:27:50,854 - WARNING - Unable to connect due to network issues: Connection timed out
2025-12-26 19:27:51,868 - WARNING - Connection failed! Trying again...
2025-12-26 19:27:51,868 - INFO - Retrying due to ConnectionError: 
2025-12-26 19:27:51,868 - INFO - Disconnected
